============================= test session starts ==============================
platform darwin -- Python 3.12.10, pytest-9.1.1, pluggy-1.6.0
rootdir: /Volumes/M4_Workspace/AIHarness/OpenCode/OpenCodeStudy/毕业设计/ai-knowledge-base/v4-production
configfile: pytest.ini
plugins: langsmith-0.11.0, anyio-4.14.2
collected 81 items / 8 deselected / 73 selected

tests/eval_test.py ...............                                       [ 20%]
tests/test_eval.py ...............                                       [ 41%]
tests/test_router.py ..................                                  [ 65%]
tests/test_workflow_units.py .........................                   [100%]

======================= 73 passed, 8 deselected in 0.12s =======================
